TN:
SF:src/circuit-breaker-B.ts
FN:9,CircuitBreaker
FN:16,sleep
FN:20,handleFailure
FN:30,openCircuit
FN:37,reset
FN:43,attemptReset
FN:49,tryRequestInternal
FN:65,callService
FNF:8
FNH:8
FNDA:7,CircuitBreaker
FNDA:2,sleep
FNDA:2,handleFailure
FNDA:1,openCircuit
FNDA:2,reset
FNDA:2,attemptReset
FNDA:4,tryRequestInternal
FNDA:6,callService
DA:1,1
DA:2,1
DA:3,1
DA:4,1
DA:5,1
DA:6,1
DA:7,1
DA:8,1
DA:9,7
DA:10,7
DA:11,7
DA:12,7
DA:13,7
DA:14,7
DA:15,7
DA:16,7
DA:17,2
DA:18,2
DA:19,7
DA:20,7
DA:21,2
DA:22,2
DA:23,2
DA:24,2
DA:25,2
DA:26,1
DA:27,1
DA:28,2
DA:29,7
DA:30,7
DA:31,1
DA:32,1
DA:33,1
DA:34,1
DA:35,1
DA:36,7
DA:37,7
DA:38,2
DA:39,2
DA:40,2
DA:41,2
DA:42,7
DA:43,7
DA:44,2
DA:45,2
DA:46,1
DA:47,1
DA:48,7
DA:49,7
DA:50,4
DA:51,4
DA:52,4
DA:53,4
DA:54,2
DA:55,2
DA:56,2
DA:57,2
DA:58,2
DA:59,2
DA:60,2
DA:61,2
DA:62,2
DA:63,4
DA:64,7
DA:65,7
DA:66,6
DA:67,1
DA:68,1
DA:69,5
DA:70,5
DA:71,5
DA:72,6
DA:73,1
DA:74,1
DA:75,4
DA:76,4
DA:77,4
DA:78,4
DA:79,4
DA:80,7
LF:80
LH:80
BRDA:3,0,0,1
BRDA:9,1,0,7
BRDA:16,2,0,2
BRDA:17,3,0,2
BRDA:20,4,0,2
BRDA:25,5,0,1
BRDA:30,6,0,1
BRDA:37,7,0,2
BRDA:43,8,0,2
BRDA:46,9,0,1
BRDA:49,10,0,4
BRDA:53,11,0,2
BRDA:65,12,0,6
BRDA:66,13,0,1
BRDA:69,14,0,5
BRDA:72,15,0,4
BRDA:72,16,0,1
BRDA:75,17,0,4
BRF:18
BRH:18
end_of_record
